#
# There is insufficient memory for the Java Runtime Environment to continue.
# Native memory allocation (mmap) failed to map 534773760 bytes for Failed to commit area from 0x0000000603200000 to 0x0000000623000000 of length 534773760.
# Possible reasons:
#   The system is out of physical RAM or swap space
#   The process is running with CompressedOops enabled, and the Java Heap may be blocking the growth of the native heap
# Possible solutions:
#   Reduce memory load on the system
#   Increase physical memory or swap space
#   Check if swap backing store is full
#   Decrease Java heap size (-Xmx/-Xms)
#   Decrease number of Java threads
#   Decrease Java thread stack sizes (-Xss)
#   Set larger code cache with -XX:ReservedCodeCacheSize=
# This output file may be truncated or incomplete.
#
#  Out of Memory Error (t:/workspace/open/src/hotspot/os/windows/os_windows.cpp:3269), pid=44620, tid=47868
#
# JRE version:  (11.0+28) (build )
# Java VM: OpenJDK 64-Bit Server VM (11+28, mixed mode, aot, sharing, tiered, compressed oops, g1 gc, windows-amd64)
# No core dump will be written. Minidumps are not enabled by default on client versions of Windows
#

---------------  S U M M A R Y ------------

Command Line: -Dmaven.multiModuleProjectDirectory=C:\work\git\outbox\WorkSel2 -Djansi.passthrough=true -Dmaven.home=C:\intellij\plugins\maven\lib\maven3 -Dclassworlds.conf=C:\intellij\plugins\maven\lib\maven3\bin\m2.conf -Dmaven.ext.class.path=C:\intellij\plugins\maven\lib\maven-event-listener.jar -javaagent:C:\intellij\lib\idea_rt.jar=58770:C:\intellij\bin -Dfile.encoding=UTF-8 org.codehaus.classworlds.Launcher -Didea.version=2024.1.4 clean compile test

Host: Intel(R) Core(TM) i7-4770 CPU @ 3.40GHz, 8 cores, 31G,  Windows 10 , 64 bit Build 19041 (10.0.19041.5915)
Time: Fri Oct 10 10:21:20 2025 GTB Daylight Time elapsed time: 0 seconds (0d 0h 0m 0s)

---------------  T H R E A D  ---------------

Current thread (0x000001ebe7e08000):  JavaThread "Unknown thread" [_thread_in_vm, id=47868, stack(0x0000003acc300000,0x0000003acc400000)]

Stack: [0x0000003acc300000,0x0000003acc400000]
Native frames: (J=compiled Java code, j=interpreted, Vv=VM code, C=native code)
V  [jvm.dll+0x63adaa]
V  [jvm.dll+0x77852f]
V  [jvm.dll+0x779b18]
V  [jvm.dll+0x77a1d3]
V  [jvm.dll+0x2624c8]
V  [jvm.dll+0x63825a]
V  [jvm.dll+0x62cb15]
V  [jvm.dll+0x31563c]
V  [jvm.dll+0x3154c2]
V  [jvm.dll+0x31ad36]
V  [jvm.dll+0x36726f]
V  [jvm.dll+0x366c90]
V  [jvm.dll+0x2f2378]
V  [jvm.dll+0x2f34d6]
V  [jvm.dll+0x7517d7]
V  [jvm.dll+0x752f1f]
V  [jvm.dll+0x374099]
V  [jvm.dll+0x738059]
V  [jvm.dll+0x3e35fd]
V  [jvm.dll+0x3e5961]
C  [java.exe+0x3603]
C  [java.exe+0x1746c]
C  [KERNEL32.DLL+0x17374]
C  [ntdll.dll+0x4cc91]


---------------  P R O C E S S  ---------------

Threads class SMR info:
_java_thread_list=0x000001ebe5cb92f0, length=0, elements={
}

Java Threads: ( => current thread )

Other Threads:
  0x000001ebe7e20000 GCTaskThread "GC Thread#0" [stack: 0x0000003acc400000,0x0000003acc500000] [id=47632]
  0x000001ebe7e9d000 ConcurrentGCThread "G1 Main Marker" [stack: 0x0000003acc500000,0x0000003acc600000] [id=46560]
  0x000001ebe7e9e800 ConcurrentGCThread "G1 Conc#0" [stack: 0x0000003acc600000,0x0000003acc700000] [id=28320]

[error occurred during error reporting (printing all threads), id 0xc0000005, EXCEPTION_ACCESS_VIOLATION (0xc0000005) at pc=0x00007ffa5be60d37]

VM state:not at safepoint (not fully initialized)

VM Mutex/Monitor currently owned by a thread:  ([mutex/lock_event])
[0x000001ebe7e06180] Heap_lock - owner thread: 0x000001ebe7e08000

Heap address: 0x0000000603200000, size: 8142 MB, Compressed Oops mode: Non-zero based: 0x0000000603200000
Narrow klass base: 0x0000000000000000, Narrow klass shift: 0

GC Heap History (0 events):
No events

Deoptimization events (0 events):
No events

Classes redefined (0 events):
No events

Internal exceptions (0 events):
No events

Events (0 events):
No events


Dynamic libraries:
0x00007ff7763d0000 - 0x00007ff776415000 	D:\Program Files\Java\openjdk-11+28_windows-x64_bin\jdk-11\bin\java.exe
0x00007ffb0fb10000 - 0x00007ffb0fd08000 	C:\WINDOWS\SYSTEM32\ntdll.dll
0x00007ffb0f3b0000 - 0x00007ffb0f472000 	C:\WINDOWS\System32\KERNEL32.DLL
0x00007ffb0d480000 - 0x00007ffb0d777000 	C:\WINDOWS\System32\KERNELBASE.dll
0x00007ffb0db30000 - 0x00007ffb0dccd000 	C:\WINDOWS\System32\USER32.dll
0x00007ffb0da20000 - 0x00007ffb0da42000 	C:\WINDOWS\System32\win32u.dll
0x00007ffb0f490000 - 0x00007ffb0f4bb000 	C:\WINDOWS\System32\GDI32.dll
0x00007ffb0d780000 - 0x00007ffb0d899000 	C:\WINDOWS\System32\gdi32full.dll
0x00007ffb0d8d0000 - 0x00007ffb0d96d000 	C:\WINDOWS\System32\msvcp_win.dll
0x00007ffb0d380000 - 0x00007ffb0d480000 	C:\WINDOWS\System32\ucrtbase.dll
0x00007ffaf7410000 - 0x00007ffaf76aa000 	C:\WINDOWS\WinSxS\amd64_microsoft.windows.common-controls_6595b64144ccf1df_6.0.19041.5915_none_60b4b9d171f9c7c7\COMCTL32.dll
0x00007ffb0f110000 - 0x00007ffb0f1ae000 	C:\WINDOWS\System32\msvcrt.dll
0x00007ffb0faa0000 - 0x00007ffb0facf000 	C:\WINDOWS\System32\IMM32.DLL
0x00007ffadc640000 - 0x00007ffadc656000 	D:\Program Files\Java\openjdk-11+28_windows-x64_bin\jdk-11\bin\vcruntime140.dll
0x00007ffaca3f0000 - 0x00007ffaca49a000 	D:\Program Files\Java\openjdk-11+28_windows-x64_bin\jdk-11\bin\msvcp140.dll
0x00007ffa5bb60000 - 0x00007ffa5c6a1000 	D:\Program Files\Java\openjdk-11+28_windows-x64_bin\jdk-11\bin\server\jvm.dll
0x00007ffb0f680000 - 0x00007ffb0f731000 	C:\WINDOWS\System32\ADVAPI32.dll
0x00007ffb0efc0000 - 0x00007ffb0f05f000 	C:\WINDOWS\System32\sechost.dll
0x00007ffb0f970000 - 0x00007ffb0fa96000 	C:\WINDOWS\System32\RPCRT4.dll
0x00007ffb0d8a0000 - 0x00007ffb0d8c7000 	C:\WINDOWS\System32\bcrypt.dll
0x00007ffb0efb0000 - 0x00007ffb0efb8000 	C:\WINDOWS\System32\PSAPI.DLL
0x00007ffafb980000 - 0x00007ffafb989000 	C:\WINDOWS\SYSTEM32\WSOCK32.dll
0x00007ffb0f550000 - 0x00007ffb0f5bb000 	C:\WINDOWS\System32\WS2_32.dll
0x00007ffafe7d0000 - 0x00007ffafe7f7000 	C:\WINDOWS\SYSTEM32\WINMM.dll
0x00007ffb07d90000 - 0x00007ffb07d9a000 	C:\WINDOWS\SYSTEM32\VERSION.dll
0x00007ffb0a9a0000 - 0x00007ffb0a9b2000 	C:\WINDOWS\SYSTEM32\kernel.appcore.dll
0x00007ffadb770000 - 0x00007ffadb781000 	D:\Program Files\Java\openjdk-11+28_windows-x64_bin\jdk-11\bin\verify.dll
0x00007ffb04ce0000 - 0x00007ffb04ee1000 	C:\WINDOWS\SYSTEM32\DBGHELP.DLL
0x00007ffb04bc0000 - 0x00007ffb04bf4000 	C:\WINDOWS\SYSTEM32\dbgcore.DLL
0x00007ffb0da50000 - 0x00007ffb0dad2000 	C:\WINDOWS\System32\bcryptPrimitives.dll
0x00007ffad9390000 - 0x00007ffad93b8000 	D:\Program Files\Java\openjdk-11+28_windows-x64_bin\jdk-11\bin\java.dll
0x00007ffad85e0000 - 0x00007ffad860f000 	D:\Program Files\Java\openjdk-11+28_windows-x64_bin\jdk-11\bin\instrument.dll
0x00007ffadabd0000 - 0x00007ffadabe6000 	D:\Program Files\Java\openjdk-11+28_windows-x64_bin\jdk-11\bin\zip.dll
0x00007ffb05750000 - 0x00007ffb0575a000 	D:\Program Files\Java\openjdk-11+28_windows-x64_bin\jdk-11\bin\jimage.dll

dbghelp: loaded successfully - version: 4.0.5 - missing functions: none
symbol engine: initialized successfully - sym options: 0x614 - pdb path: .;D:\Program Files\Java\openjdk-11+28_windows-x64_bin\jdk-11\bin;C:\WINDOWS\SYSTEM32;C:\WINDOWS\WinSxS\amd64_microsoft.windows.common-controls_6595b64144ccf1df_6.0.19041.5915_none_60b4b9d171f9c7c7;D:\Program Files\Java\openjdk-11+28_windows-x64_bin\jdk-11\bin\server

VM Arguments:
jvm_args: -Dmaven.multiModuleProjectDirectory=C:\work\git\outbox\WorkSel2 -Djansi.passthrough=true -Dmaven.home=C:\intellij\plugins\maven\lib\maven3 -Dclassworlds.conf=C:\intellij\plugins\maven\lib\maven3\bin\m2.conf -Dmaven.ext.class.path=C:\intellij\plugins\maven\lib\maven-event-listener.jar -javaagent:C:\intellij\lib\idea_rt.jar=58770:C:\intellij\bin -Dfile.encoding=UTF-8 
java_command: org.codehaus.classworlds.Launcher -Didea.version=2024.1.4 clean compile test
java_class_path (initial): C:\intellij\plugins\maven\lib\maven3\boot\plexus-classworlds-2.7.0.jar;C:\intellij\plugins\maven\lib\maven3\boot\plexus-classworlds.license
Launcher Type: SUN_STANDARD

[Global flags]
     intx CICompilerCount                          = 4                                         {product} {ergonomic}
     uint ConcGCThreads                            = 2                                         {product} {ergonomic}
     uint G1ConcRefinementThreads                  = 8                                         {product} {ergonomic}
   size_t G1HeapRegionSize                         = 2097152                                   {product} {ergonomic}
    uintx GCDrainStackTargetSize                   = 64                                        {product} {ergonomic}
   size_t InitialHeapSize                          = 534773760                                 {product} {ergonomic}
   size_t MarkStackSize                            = 4194304                                   {product} {ergonomic}
   size_t MaxHeapSize                              = 8537505792                                {product} {ergonomic}
   size_t MinHeapDeltaBytes                        = 2097152                                   {product} {ergonomic}
    uintx NonNMethodCodeHeapSize                   = 5835340                                {pd product} {ergonomic}
    uintx NonProfiledCodeHeapSize                  = 122911450                              {pd product} {ergonomic}
    uintx ProfiledCodeHeapSize                     = 122911450                              {pd product} {ergonomic}
    uintx ReservedCodeCacheSize                    = 251658240                              {pd product} {ergonomic}
     bool SegmentedCodeCache                       = true                                      {product} {ergonomic}
     bool UseCompressedClassPointers               = true                                 {lp64_product} {ergonomic}
     bool UseCompressedOops                        = true                                 {lp64_product} {ergonomic}
     bool UseG1GC                                  = true                                      {product} {ergonomic}
     bool UseLargePagesIndividualAllocation        = false                                  {pd product} {ergonomic}

Logging:
Log output configuration:
 #0: stdout all=warning uptime,level,tags
 #1: stderr all=off uptime,level,tags

Environment Variables:
JAVA_HOME=C:\Users\dzmarand\.jdks\temurin-21.0.7
PATH=C:\Python313\Scripts\;C:\Python313\;C:\Program Files (x86)\Common Files\Oracle\Java\java8path;C:\Program Files (x86)\Common Files\Oracle\Java\javapath;C:\Users\dzmarand\.jdks\temurin-21.0.7\bin;C:\Program Files (x86)\VMware\VMware Player\bin\;C:\Users\dzmarand\Downloads\jdk-11.0.17_windows-x64_bin\jdk-11.0.17\bin;C:\Windows\CCM\;C:\Program Files\Java\jre1.8.0_241\bin;JAVA_HOME\bin;C:\apache-maven-3.5.4\bin;C:\ProgramData\Oracle\Java\javapath;C:\WINDOWS\system32;C:\WINDOWS;C:\WINDOWS\System32\Wbem;C:\WINDOWS\System32\WindowsPowerShell\v1.0\;C:\Program Files\Perforce;C:\apache-maven-3.0.5\bin;C:\apache-ant-1.9.6\bin;C:\Program Files\MySQL\MySQL Server 5.7\bin;C:\Program Files\MySQL\MySQL Server 5.5\bin;C:\Program Files\;C:\Program Files\JavaPOS;C:\Program Files\JavaPOS\wn\bin.win;C:\Program Files (x86)\EpsilonSoft;C:\Users\dzmarand\AppData\Local\Microsoft\WindowsApps;C:\Program Files\Docker Toolbox;C:\Users\dzmarand\AppData\Local\GitHubDesktop\bin;C:\WINDOWS\System32\OpenSSH\;D:\Program Files\Java\openjdk-11+28_windows-x64_bin\jdk-11\bin;C:\Program Files\dotnet\;C:\WINDOWS\system32\config\systemprofile\AppData\Local\Microsoft\WindowsApps;C:\WINDOWS\system32;C:\WINDOWS;C:\WINDOWS\System32\Wbem;C:\WINDOWS\System32\WindowsPowerShell\v1.0\;C:\WINDOWS\System32\OpenSSH\;C:\Program Files\k6\;C:\ProgramData\chocolatey\bin;C:\WINDOWS\system32\config\systemprofile\AppData\Roaming\npm;C:\Program Files\Adaptiva\AdaptivaClient\bin\x86;C:\Program Files\Adaptiva\AdaptivaClient\bin\amd64;C:\Gpg4win\..\GnuPG\bin;C:\work\git\hiiretail-payment-client-cashguard\strongpointDependencies;C:\Program Files (x86)\Microsoft SQL Server\160\Tools\Binn\;C:\Program Files\Microsoft SQL Server\160\Tools\Binn\;C:\Program Files\Microsoft SQL Server\Client SDK\ODBC\170\Tools\Binn\;C:\Program Files\Microsoft SQL Server\160\DTS\Binn\;C:\Program Files\Git\cmd;C:\Program Files\nodejs\;JAVA_HOME\bin;C:\apache-maven-3.5.4\bin;C:\Python27;C:\Python27\Scripts;C:\Program Files (x86)\Common Files\Oracle\Java\ja
USERNAME=dzmarand
OS=Windows_NT
PROCESSOR_IDENTIFIER=Intel64 Family 6 Model 60 Stepping 3, GenuineIntel



---------------  S Y S T E M  ---------------

OS: Windows 10 , 64 bit Build 19041 (10.0.19041.5915)

CPU:total 8 (initial active 8) (4 cores per cpu, 2 threads per core) family 6 model 60 stepping 3, cmov, cx8, fxsr, mmx, sse, sse2, sse3, ssse3, sse4.1, sse4.2, popcnt, avx, avx2, aes, clmul, erms, lzcnt, ht, tsc, tscinvbit, bmi1, bmi2, fma

Memory: 4k page, system-wide physical 32561M (6757M free)
TotalPageFile size 37561M (AvailPageFile size 507M)
current process WorkingSet (physical memory assigned to process): 10M, peak: 10M
current process commit charge ("private bytes"): 61M, peak: 570M

vm_info: OpenJDK 64-Bit Server VM (11+28) for windows-amd64 JRE (11+28), built on Aug 23 2018 03:04:58 by "mach5one" with MS VC++ 15.5 (VS2017)

END.
